livestream_demo/app/build/outputs/logs/manifest-merger-debug-report.txt
-- Merging decision tree log ---
manifest
ADDED from src/main/AndroidManifest.xml:2:1-99:12
	package
		ADDED from src/main/AndroidManifest.xml:3:5-35
		INJECTED from src/main/AndroidManifest.xml
		INJECTED from src/main/AndroidManifest.xml
	android:versionName
		INJECTED from src/main/AndroidManifest.xml
		INJECTED from src/main/AndroidManifest.xml
	xmlns:android
		ADDED from src/main/AndroidManifest.xml:2:11-69
	android:versionCode
		INJECTED from src/main/AndroidManifest.xml
		INJECTED from src/main/AndroidManifest.xml
uses-permission#android.permission.VIBRATE
ADDED from src/main/AndroidManifest.xml:5:5-66
	android:name
		ADDED from src/main/AndroidManifest.xml:5:22-63
uses-permission#android.permission.ACCESS_NETWORK_STATE
ADDED from src/main/AndroidManifest.xml:6:5-79
MERGED from [:ulive-android-sdk-1.5.1:] AndroidManifest.xml:18:5-79
MERGED from [:uvod-android-sdk-1.5.8:] AndroidManifest.xml:14:5-79
	android:name
		ADDED from src/main/AndroidManifest.xml:6:22-76
uses-permission#android.permission.INTERNET
ADDED from src/main/AndroidManifest.xml:7:5-67
MERGED from [:ulive-android-sdk-1.5.1:] AndroidManifest.xml:13:5-67
MERGED from [:uvod-android-sdk-1.5.8:] AndroidManifest.xml:12:5-67
	android:name
		ADDED from src/main/AndroidManifest.xml:7:22-64
uses-permission#android.permission.RECORD_AUDIO
ADDED from src/main/AndroidManifest.xml:8:5-71
MERGED from [:ulive-android-sdk-1.5.1:] AndroidManifest.xml:15:5-71
	android:name
		ADDED from src/main/AndroidManifest.xml:8:22-68
uses-permission#android.permission.CAMERA
ADDED from src/main/AndroidManifest.xml:9:5-65
MERGED from [:ulive-android-sdk-1.5.1:] AndroidManifest.xml:12:5-65
	android:name
		ADDED from src/main/AndroidManifest.xml:9:22-62
uses-permission#android.permission.WAKE_LOCK
ADDED from src/main/AndroidManifest.xml:10:5-68
MERGED from [:ulive-android-sdk-1.5.1:] AndroidManifest.xml:16:5-68
MERGED from [:uvod-android-sdk-1.5.8:] AndroidManifest.xml:13:5-68
	android:name
		ADDED from src/main/AndroidManifest.xml:10:22-65
uses-permission#android.permission.GET_TASKS
ADDED from src/main/AndroidManifest.xml:11:5-68
	android:name
		ADDED from src/main/AndroidManifest.xml:11:22-65
uses-permission#android.permission.WRITE_EXTERNAL_STORAGE
ADDED from src/main/AndroidManifest.xml:12:5-81
MERGED from [:ucommon-android-sdk-1.0.0:] AndroidManifest.xml:11:5-81
MERGED from [:ulive-android-sdk-1.5.1:] AndroidManifest.xml:14:5-81
MERGED from [:uvod-android-sdk-1.5.8:] AndroidManifest.xml:17:5-81
	android:name
		ADDED from src/main/AndroidManifest.xml:12:22-78
uses-permission#android.permission.MOUNT_UNMOUNT_FILESYSTEMS
ADDED from src/main/AndroidManifest.xml:13:5-84
	android:name
		ADDED from src/main/AndroidManifest.xml:13:22-81
uses-permission#android.permission.MODIFY_AUDIO_SETTINGS
ADDED from src/main/AndroidManifest.xml:14:5-80
MERGED from [:ulive-android-sdk-1.5.1:] AndroidManifest.xml:20:5-80
	android:name
		ADDED from src/main/AndroidManifest.xml:14:22-77
uses-permission#android.permission.GET_ACCOUNTS
ADDED from src/main/AndroidManifest.xml:17:5-71
	android:name
		ADDED from src/main/AndroidManifest.xml:17:22-68
uses-permission#android.permission.READ_PROFILE
ADDED from src/main/AndroidManifest.xml:18:5-71
	android:name
		ADDED from src/main/AndroidManifest.xml:18:22-68
uses-permission#android.permission.READ_CONTACTS
ADDED from src/main/AndroidManifest.xml:19:5-72
	android:name
		ADDED from src/main/AndroidManifest.xml:19:22-69
uses-sdk
ADDED from src/main/AndroidManifest.xml:21:5-22:52
MERGED from [livestream_demo:easeui:unspecified] AndroidManifest.xml:7:5-9:41
MERGED from [com.hyphenate:hyphenate-sdk-lite:3.3.1] AndroidManifest.xml:8:5-11:39
MERGED from [com.jakewharton:butterknife:8.0.1] AndroidManifest.xml:5:5-43
MERGED from [com.android.support:design:24.2.1] AndroidManifest.xml:20:5-43
MERGED from [com.android.support:recyclerview-v7:24.2.1] AndroidManifest.xml:20:5-43
MERGED from [com.github.florent37:viewanimator:1.0.4] AndroidManifest.xml:8:5-10:41
MERGED from [com.android.support:appcompat-v7:24.2.1] AndroidManifest.xml:21:5-23:78
MERGED from [com.android.support:animated-vector-drawable:24.2.1] AndroidManifest.xml:20:5-44
MERGED from [com.android.support:support-vector-drawable:24.2.1] AndroidManifest.xml:21:5-43
MERGED from [com.android.support:support-v4:24.2.1] AndroidManifest.xml:21:5-23:54
MERGED from [com.android.support:support-fragment:24.2.1] AndroidManifest.xml:21:5-23:60
MERGED from [com.android.support:support-media-compat:24.2.1] AndroidManifest.xml:21:5-23:63
MERGED from [com.android.support:support-core-ui:24.2.1] AndroidManifest.xml:21:5-23:58
MERGED from [com.android.support:support-core-utils:24.2.1] AndroidManifest.xml:21:5-23:61
MERGED from [com.android.support:support-compat:24.2.1] AndroidManifest.xml:21:5-23:58
MERGED from [com.weigan:loopView:0.1.1] AndroidManifest.xml:7:5-9:41
MERGED from [io.reactivex:rxandroid:1.0.1] AndroidManifest.xml:19:5-43
MERGED from [:ucommon-android-sdk-1.0.0:] AndroidManifest.xml:7:5-9:41
MERGED from [:ulive-android-sdk-1.5.1:] AndroidManifest.xml:7:5-9:41
MERGED from [:uvod-android-sdk-1.5.8:] AndroidManifest.xml:7:5-9:41
	tools:overrideLibrary
		ADDED from src/main/AndroidManifest.xml:22:9-49
	xmlns:tools
		ADDED from src/main/AndroidManifest.xml:21:15-61
	android:targetSdkVersion
		INJECTED from src/main/AndroidManifest.xml
		INJECTED from src/main/AndroidManifest.xml
	tools:ignore
		ADDED from [com.hyphenate:hyphenate-sdk-lite:3.3.1] AndroidManifest.xml:11:9-36
	android:minSdkVersion
		INJECTED from src/main/AndroidManifest.xml
		INJECTED from src/main/AndroidManifest.xml
application
ADDED from src/main/AndroidManifest.xml:24:5-97:19
MERGED from [com.android.support:design:24.2.1] AndroidManifest.xml:22:5-20
MERGED from [com.android.support:appcompat-v7:24.2.1] AndroidManifest.xml:25:5-20
MERGED from [com.android.support:animated-vector-drawable:24.2.1] AndroidManifest.xml:22:5-20
MERGED from [com.android.support:support-vector-drawable:24.2.1] AndroidManifest.xml:23:5-20
MERGED from [com.android.support:support-v4:24.2.1] AndroidManifest.xml:25:5-20
MERGED from [com.android.support:support-fragment:24.2.1] AndroidManifest.xml:25:5-20
MERGED from [com.android.support:support-media-compat:24.2.1] AndroidManifest.xml:25:5-20
MERGED from [com.android.support:support-core-ui:24.2.1] AndroidManifest.xml:25:5-20
MERGED from [com.android.support:support-core-utils:24.2.1] AndroidManifest.xml:25:5-20
MERGED from [com.android.support:support-compat:24.2.1] AndroidManifest.xml:25:5-20
MERGED from [com.weigan:loopView:0.1.1] AndroidManifest.xml:11:5-12:19
	android:label
		ADDED from src/main/AndroidManifest.xml:28:9-41
	android:supportsRtl
		ADDED from src/main/AndroidManifest.xml:29:9-35
	android:allowBackup
		ADDED from src/main/AndroidManifest.xml:26:9-35
	android:icon
		ADDED from src/main/AndroidManifest.xml:27:9-43
	android:theme
		ADDED from src/main/AndroidManifest.xml:30:9-40
	android:name
		ADDED from src/main/AndroidManifest.xml:25:9-40
activity#com.easemob.livedemo.ui.activity.MainActivity
ADDED from src/main/AndroidManifest.xml:31:9-35:57
	android:screenOrientation
		ADDED from src/main/AndroidManifest.xml:34:13-49
	android:launchMode
		ADDED from src/main/AndroidManifest.xml:33:13-44
	android:windowSoftInputMode
		ADDED from src/main/AndroidManifest.xml:35:13-54
	android:name
		ADDED from src/main/AndroidManifest.xml:32:13-53
activity#com.easemob.livedemo.ui.activity.LoginActivity
ADDED from src/main/AndroidManifest.xml:36:9-43:20
	android:windowSoftInputMode
		ADDED from src/main/AndroidManifest.xml:37:13-67
	android:name
		ADDED from src/main/AndroidManifest.xml:36:19-60
intent-filter#android.intent.action.MAIN+android.intent.category.LAUNCHER
ADDED from src/main/AndroidManifest.xml:38:13-42:29
action#android.intent.action.MAIN
ADDED from src/main/AndroidManifest.xml:39:17-69
	android:name
		ADDED from src/main/AndroidManifest.xml:39:25-66
category#android.intent.category.LAUNCHER
ADDED from src/main/AndroidManifest.xml:41:17-77
	android:name
		ADDED from src/main/AndroidManifest.xml:41:27-74
activity#com.easemob.livedemo.ui.activity.UserActivity
ADDED from src/main/AndroidManifest.xml:45:9-71
	android:name
		ADDED from src/main/AndroidManifest.xml:45:19-59
activity#com.easemob.livedemo.ui.activity.LiveAudienceActivity
ADDED from src/main/AndroidManifest.xml:47:9-55:20
	android:screenOrientation
		ADDED from src/main/AndroidManifest.xml:50:13-49
	android:parentActivityName
		ADDED from src/main/AndroidManifest.xml:49:13-67
	android:windowSoftInputMode
		ADDED from src/main/AndroidManifest.xml:51:13-54
	android:name
		ADDED from src/main/AndroidManifest.xml:48:13-61
meta-data#android.support.PARENT_ACTIVITY
ADDED from src/main/AndroidManifest.xml:52:13-54:61
	android:value
		ADDED from src/main/AndroidManifest.xml:54:17-58
	android:name
		ADDED from src/main/AndroidManifest.xml:53:17-63
activity#com.easemob.livedemo.ui.activity.ChatActivity
ADDED from src/main/AndroidManifest.xml:56:9-59:52
	android:screenOrientation
		ADDED from src/main/AndroidManifest.xml:59:13-49
	android:launchMode
		ADDED from src/main/AndroidManifest.xml:58:13-43
	android:name
		ADDED from src/main/AndroidManifest.xml:57:13-53
activity#com.easemob.livedemo.ui.activity.LiveAnchorActivity
ADDED from src/main/AndroidManifest.xml:60:9-67:20
	android:screenOrientation
		ADDED from src/main/AndroidManifest.xml:63:13-49
	android:parentActivityName
		ADDED from src/main/AndroidManifest.xml:62:13-67
	android:name
		ADDED from src/main/AndroidManifest.xml:61:13-59
activity#com.easemob.livedemo.ui.activity.RegisterActivity
ADDED from src/main/AndroidManifest.xml:68:9-75:20
	android:screenOrientation
		ADDED from src/main/AndroidManifest.xml:71:13-49
	android:parentActivityName
		ADDED from src/main/AndroidManifest.xml:70:13-68
	android:name
		ADDED from src/main/AndroidManifest.xml:69:13-57
activity#com.easemob.livedemo.ui.activity.SearchActivity
ADDED from src/main/AndroidManifest.xml:76:9-78:52
	android:screenOrientation
		ADDED from src/main/AndroidManifest.xml:78:13-49
	android:name
		ADDED from src/main/AndroidManifest.xml:77:13-55
activity#com.easemob.livedemo.ui.activity.CreateLiveRoomActivity
ADDED from src/main/AndroidManifest.xml:79:9-82:70
	android:screenOrientation
		ADDED from src/main/AndroidManifest.xml:81:13-49
	android:windowSoftInputMode
		ADDED from src/main/AndroidManifest.xml:82:13-67
	android:name
		ADDED from src/main/AndroidManifest.xml:80:13-63
meta-data#EASEMOB_APPKEY
ADDED from src/main/AndroidManifest.xml:86:9-88:53
	android:value
		ADDED from src/main/AndroidManifest.xml:88:13-50
	android:name
		ADDED from src/main/AndroidManifest.xml:87:13-42
service#com.hyphenate.chat.EMChatService
ADDED from src/main/AndroidManifest.xml:90:9-92:39
	android:exported
		ADDED from src/main/AndroidManifest.xml:92:13-36
	android:name
		ADDED from src/main/AndroidManifest.xml:91:13-60
activity#com.easemob.livedemo.ui.activity.AssociateLiveRoomActivity
ADDED from src/main/AndroidManifest.xml:94:9-96:61
	android:screenOrientation
		ADDED from src/main/AndroidManifest.xml:96:13-49
	android:name
		ADDED from src/main/AndroidManifest.xml:95:13-66
uses-permission#android.permission.ACCESS_COARSE_LOCATION
ADDED from [com.hyphenate:hyphenate-sdk-lite:3.3.1] AndroidManifest.xml:13:5-81
	android:name
		ADDED from [com.hyphenate:hyphenate-sdk-lite:3.3.1] AndroidManifest.xml:13:22-78
uses-permission#android.permission.ACCESS_FINE_LOCATION
ADDED from [com.hyphenate:hyphenate-sdk-lite:3.3.1] AndroidManifest.xml:14:5-79
	android:name
		ADDED from [com.hyphenate:hyphenate-sdk-lite:3.3.1] AndroidManifest.xml:14:22-76
uses-permission#android.permission.ACCESS_WIFI_STATE
ADDED from [com.hyphenate:hyphenate-sdk-lite:3.3.1] AndroidManifest.xml:15:5-76
MERGED from [:ulive-android-sdk-1.5.1:] AndroidManifest.xml:17:5-76
MERGED from [:uvod-android-sdk-1.5.8:] AndroidManifest.xml:15:5-76
	android:name
		ADDED from [com.hyphenate:hyphenate-sdk-lite:3.3.1] AndroidManifest.xml:15:22-73
uses-permission#android.permission.READ_PHONE_STATE
ADDED from [:ulive-android-sdk-1.5.1:] AndroidManifest.xml:11:5-75
	android:name
		ADDED from [:ulive-android-sdk-1.5.1:] AndroidManifest.xml:11:22-72
uses-permission#android.permission.FLASHLIGHT
ADDED from [:ulive-android-sdk-1.5.1:] AndroidManifest.xml:19:5-69
	android:name
		ADDED from [:ulive-android-sdk-1.5.1:] AndroidManifest.xml:19:22-66
uses-feature#android.hardware.camera
ADDED from [:ulive-android-sdk-1.5.1:] AndroidManifest.xml:22:5-60
	android:name
		ADDED from [:ulive-android-sdk-1.5.1:] AndroidManifest.xml:22:19-57
uses-feature#android.hardware.camera.autofocus
ADDED from [:ulive-android-sdk-1.5.1:] AndroidManifest.xml:23:5-70
	android:name
		ADDED from [:ulive-android-sdk-1.5.1:] AndroidManifest.xml:23:19-67
uses-permission#android.permission.READ_EXTERNAL_STORAGE
ADDED from [:uvod-android-sdk-1.5.8:] AndroidManifest.xml:16:5-80
	android:name
		ADDED from [:uvod-android-sdk-1.5.8:] AndroidManifest.xml:16:22-77